<?xml version="1.0" encoding="UTF-8"?>
<!-- Generated by org.testng.reporters.JUnitReportReporter -->
<testsuite hostname="DESKTOP-KC8P2PH" failures="0" tests="15" name="com.TestCases.LoginPageTestcases" time="21.935" errors="0" timestamp="2022-09-20T16:06:10 IST" skipped="0">
  <testcase classname="com.TestCases.LoginPageTestcases" name="HeadChk" time="2.656"/>
  <system-out/>
  <testcase classname="com.TestCases.LoginPageTestcases" name="HeadChk" time="4.406"/>
  <system-out/>
  <testcase classname="com.TestCases.LoginPageTestcases" name="HeadChk" time="1.089"/>
  <system-out/>
  <testcase classname="com.TestCases.LoginPageTestcases" name="Wlcchk" time="0.061"/>
  <system-out/>
  <testcase classname="com.TestCases.LoginPageTestcases" name="Wlcchk" time="0.068"/>
  <system-out/>
  <testcase classname="com.TestCases.LoginPageTestcases" name="Wlcchk" time="0.044"/>
  <system-out/>
  <testcase classname="com.TestCases.LoginPageTestcases" name="txt3" time="0.040"/>
  <system-out/>
  <testcase classname="com.TestCases.LoginPageTestcases" name="txt3" time="0.059"/>
  <system-out/>
  <testcase classname="com.TestCases.LoginPageTestcases" name="txt3" time="0.062"/>
  <system-out/>
  <testcase classname="com.TestCases.LoginPageTestcases" name="ckhbox" time="0.063"/>
  <system-out/>
  <testcase classname="com.TestCases.LoginPageTestcases" name="ckhbox" time="0.105"/>
  <system-out/>
  <testcase classname="com.TestCases.LoginPageTestcases" name="ckhbox" time="0.075"/>
  <system-out/>
  <testcase classname="com.TestCases.LoginPageTestcases" name="login" time="2.789"/>
  <system-out/>
  <testcase classname="com.TestCases.LoginPageTestcases" name="login" time="4.410"/>
  <system-out/>
  <testcase classname="com.TestCases.LoginPageTestcases" name="login" time="6.008"/>
  <system-out/>
</testsuite> <!-- com.TestCases.LoginPageTestcases -->
