<?xml version="1.0" encoding="UTF-8"?>
<!-- Generated by org.testng.reporters.JUnitReportReporter -->
<testsuite hostname="DESKTOP-KC8P2PH" failures="0" tests="15" name="com.TestCases.LoginPageTestcases" time="16.659" errors="0" timestamp="2022-09-19T18:36:06 IST" skipped="0">
  <testcase classname="com.TestCases.LoginPageTestcases" name="HeadChk" time="1.316"/>
  <system-out/>
  <testcase classname="com.TestCases.LoginPageTestcases" name="HeadChk" time="1.297"/>
  <system-out/>
  <testcase classname="com.TestCases.LoginPageTestcases" name="HeadChk" time="1.577"/>
  <system-out/>
  <testcase classname="com.TestCases.LoginPageTestcases" name="Wlcchk" time="0.061"/>
  <system-out/>
  <testcase classname="com.TestCases.LoginPageTestcases" name="Wlcchk" time="0.048"/>
  <system-out/>
  <testcase classname="com.TestCases.LoginPageTestcases" name="Wlcchk" time="0.063"/>
  <system-out/>
  <testcase classname="com.TestCases.LoginPageTestcases" name="txt3" time="0.064"/>
  <system-out/>
  <testcase classname="com.TestCases.LoginPageTestcases" name="txt3" time="0.064"/>
  <system-out/>
  <testcase classname="com.TestCases.LoginPageTestcases" name="txt3" time="0.058"/>
  <system-out/>
  <testcase classname="com.TestCases.LoginPageTestcases" name="ckhbox" time="0.085"/>
  <system-out/>
  <testcase classname="com.TestCases.LoginPageTestcases" name="ckhbox" time="0.087"/>
  <system-out/>
  <testcase classname="com.TestCases.LoginPageTestcases" name="ckhbox" time="0.093"/>
  <system-out/>
  <testcase classname="com.TestCases.LoginPageTestcases" name="login" time="4.557"/>
  <system-out/>
  <testcase classname="com.TestCases.LoginPageTestcases" name="login" time="4.408"/>
  <system-out/>
  <testcase classname="com.TestCases.LoginPageTestcases" name="login" time="2.881"/>
  <system-out/>
</testsuite> <!-- com.TestCases.LoginPageTestcases -->
