<?xml version="1.0" encoding="UTF-8"?>
<!-- Generated by org.testng.reporters.JUnitReportReporter -->
<testsuite hostname="DESKTOP-KC8P2PH" failures="0" tests="9" name="com.TestCases.DasbBoardTC1" time="32.377" errors="0" timestamp="2022-09-19T18:36:06 IST" skipped="0">
  <testcase classname="com.TestCases.DasbBoardTC1" name="ProfilenName" time="0.386"/>
  <system-out/>
  <testcase classname="com.TestCases.DasbBoardTC1" name="ProfilenName" time="0.135"/>
  <system-out/>
  <testcase classname="com.TestCases.DasbBoardTC1" name="ProfilenName" time="0.166"/>
  <system-out/>
  <testcase classname="com.TestCases.DasbBoardTC1" name="pagename" time="0.065"/>
  <system-out/>
  <testcase classname="com.TestCases.DasbBoardTC1" name="pagename" time="0.256"/>
  <system-out/>
  <testcase classname="com.TestCases.DasbBoardTC1" name="pagename" time="0.108"/>
  <system-out/>
  <testcase classname="com.TestCases.DasbBoardTC1" name="optionschk" time="9.885"/>
  <system-out/>
  <testcase classname="com.TestCases.DasbBoardTC1" name="optionschk" time="11.500"/>
  <system-out/>
  <testcase classname="com.TestCases.DasbBoardTC1" name="optionschk" time="9.876"/>
  <system-out/>
</testsuite> <!-- com.TestCases.DasbBoardTC1 -->
