<?xml version="1.0" encoding="UTF-8"?>
<!-- Generated by org.testng.reporters.JUnitReportReporter -->
<testsuite hostname="DESKTOP-KC8P2PH" failures="0" tests="9" name="com.TestCases.DasbBoardTC1" time="31.911" errors="0" timestamp="2022-09-20T17:15:32 IST" skipped="0">
  <testcase classname="com.TestCases.DasbBoardTC1" name="ProfilenName" time="0.257"/>
  <system-out/>
  <testcase classname="com.TestCases.DasbBoardTC1" name="ProfilenName" time="0.220"/>
  <system-out/>
  <testcase classname="com.TestCases.DasbBoardTC1" name="ProfilenName" time="0.172"/>
  <system-out/>
  <testcase classname="com.TestCases.DasbBoardTC1" name="pagename" time="0.214"/>
  <system-out/>
  <testcase classname="com.TestCases.DasbBoardTC1" name="pagename" time="0.110"/>
  <system-out/>
  <testcase classname="com.TestCases.DasbBoardTC1" name="pagename" time="0.095"/>
  <system-out/>
  <testcase classname="com.TestCases.DasbBoardTC1" name="optionschk" time="9.420"/>
  <system-out/>
  <testcase classname="com.TestCases.DasbBoardTC1" name="optionschk" time="11.375"/>
  <system-out/>
  <testcase classname="com.TestCases.DasbBoardTC1" name="optionschk" time="10.048"/>
  <system-out/>
</testsuite> <!-- com.TestCases.DasbBoardTC1 -->
