<?xml version="1.0" encoding="UTF-8"?>
<!-- Generated by org.testng.reporters.JUnitReportReporter -->
<testsuite hostname="DESKTOP-KC8P2PH" failures="0" tests="3" name="com.TestCases.ProductPageTetsCases" time="13.251" errors="0" timestamp="2022-09-20T17:15:32 IST" skipped="0">
  <testcase classname="com.TestCases.ProductPageTetsCases" name="Seacrhproduct" time="2.875"/>
  <system-out/>
  <testcase classname="com.TestCases.ProductPageTetsCases" name="Seacrhproduct" time="5.101"/>
  <system-out/>
  <testcase classname="com.TestCases.ProductPageTetsCases" name="Seacrhproduct" time="5.275"/>
  <system-out/>
</testsuite> <!-- com.TestCases.ProductPageTetsCases -->
