<?xml version="1.0" encoding="UTF-8"?>
<!-- Generated by org.testng.reporters.JUnitReportReporter -->
<testsuite hostname="DESKTOP-KC8P2PH" failures="0" tests="3" name="com.TestCases.ProductPageTetsCases" time="10.838" errors="0" timestamp="2022-09-19T18:36:06 IST" skipped="0">
  <testcase classname="com.TestCases.ProductPageTetsCases" name="Seacrhproduct" time="4.065"/>
  <system-out/>
  <testcase classname="com.TestCases.ProductPageTetsCases" name="Seacrhproduct" time="2.999"/>
  <system-out/>
  <testcase classname="com.TestCases.ProductPageTetsCases" name="Seacrhproduct" time="3.774"/>
  <system-out/>
</testsuite> <!-- com.TestCases.ProductPageTetsCases -->
