<?xml version="1.0" encoding="UTF-8"?>
<!-- Generated by org.testng.reporters.JUnitReportReporter -->
<testsuite hostname="DESKTOP-KC8P2PH" failures="0" tests="15" name="com.TestCases.LoginPageTestcases" time="23.072" errors="0" timestamp="2022-09-20T17:15:32 IST" skipped="0">
  <testcase classname="com.TestCases.LoginPageTestcases" name="HeadChk" time="2.122"/>
  <system-out/>
  <testcase classname="com.TestCases.LoginPageTestcases" name="HeadChk" time="2.345"/>
  <system-out/>
  <testcase classname="com.TestCases.LoginPageTestcases" name="HeadChk" time="1.170"/>
  <system-out/>
  <testcase classname="com.TestCases.LoginPageTestcases" name="Wlcchk" time="0.047"/>
  <system-out/>
  <testcase classname="com.TestCases.LoginPageTestcases" name="Wlcchk" time="0.074"/>
  <system-out/>
  <testcase classname="com.TestCases.LoginPageTestcases" name="Wlcchk" time="0.087"/>
  <system-out/>
  <testcase classname="com.TestCases.LoginPageTestcases" name="txt3" time="0.057"/>
  <system-out/>
  <testcase classname="com.TestCases.LoginPageTestcases" name="txt3" time="0.098"/>
  <system-out/>
  <testcase classname="com.TestCases.LoginPageTestcases" name="txt3" time="0.072"/>
  <system-out/>
  <testcase classname="com.TestCases.LoginPageTestcases" name="ckhbox" time="0.071"/>
  <system-out/>
  <testcase classname="com.TestCases.LoginPageTestcases" name="ckhbox" time="0.097"/>
  <system-out/>
  <testcase classname="com.TestCases.LoginPageTestcases" name="ckhbox" time="0.098"/>
  <system-out/>
  <testcase classname="com.TestCases.LoginPageTestcases" name="login" time="7.001"/>
  <system-out/>
  <testcase classname="com.TestCases.LoginPageTestcases" name="login" time="3.454"/>
  <system-out/>
  <testcase classname="com.TestCases.LoginPageTestcases" name="login" time="6.279"/>
  <system-out/>
</testsuite> <!-- com.TestCases.LoginPageTestcases -->
